<?xml version="1.0" encoding="UTF-8"?>
<testng-results skipped="1" failed="0" total="1" passed="0">
  <reporter-output>
  </reporter-output>
  <suite name="Tests" duration-ms="5649" started-at="2015-04-21T08:38:04Z" finished-at="2015-04-21T08:38:10Z">
    <groups>
    </groups>
    <test name="Test1" duration-ms="5649" started-at="2015-04-21T08:38:04Z" finished-at="2015-04-21T08:38:10Z">
      <class name="ru.st.selenium.TestLogInPhp4dvd">
        <test-method status="FAIL" signature="init()[pri:0, instance:ru.st.selenium.TestLogInPhp4dvd@1a6e353]" name="init" is-config="true" duration-ms="0" started-at="2015-04-21T11:38:04Z" finished-at="2015-04-21T11:38:04Z">
          <exception class="org.openqa.selenium.remote.SessionNotFoundException">
            <message>
              <![CDATA[Unexpected error launching Internet Explorer. Protected Mode settings are not the same for all zones. Enable Protected Mode must be set to the same value (enabled or disabled) for all zones. (WARNING: The server did not provide any stacktrace information)
Command duration or timeout: 4.28 seconds
Build info: version: '2.45.0', revision: '5017cb8e7ca8e37638dc3091b2440b90a1d8686f', time: '2015-02-27 09:10:26'
System info: host: 'hp-ой', ip: '10.255.253.91', os.name: 'Windows Vista', os.arch: 'x86', os.version: '6.0', java.version: '1.8.0_45'
Driver info: org.openqa.selenium.ie.InternetExplorerDriver]]>
            </message>
            <full-stacktrace>
              <![CDATA[org.openqa.selenium.remote.SessionNotFoundException: Unexpected error launching Internet Explorer. Protected Mode settings are not the same for all zones. Enable Protected Mode must be set to the same value (enabled or disabled) for all zones. (WARNING: The server did not provide any stacktrace information)
Command duration or timeout: 4.28 seconds
Build info: version: '2.45.0', revision: '5017cb8e7ca8e37638dc3091b2440b90a1d8686f', time: '2015-02-27 09:10:26'
System info: host: 'hp-ой', ip: '10.255.253.91', os.name: 'Windows Vista', os.arch: 'x86', os.version: '6.0', java.version: '1.8.0_45'
Driver info: org.openqa.selenium.ie.InternetExplorerDriver
	at sun.reflect.NativeConstructorAccessorImpl.newInstance0(Native Method)
	at sun.reflect.NativeConstructorAccessorImpl.newInstance(NativeConstructorAccessorImpl.java:62)
	at sun.reflect.DelegatingConstructorAccessorImpl.newInstance(DelegatingConstructorAccessorImpl.java:45)
	at java.lang.reflect.Constructor.newInstance(Constructor.java:422)
	at org.openqa.selenium.remote.ErrorHandler.createThrowable(ErrorHandler.java:204)
	at org.openqa.selenium.remote.ErrorHandler.throwIfResponseFailed(ErrorHandler.java:162)
	at org.openqa.selenium.remote.RemoteWebDriver.execute(RemoteWebDriver.java:599)
	at org.openqa.selenium.remote.RemoteWebDriver.startSession(RemoteWebDriver.java:240)
	at org.openqa.selenium.remote.RemoteWebDriver.startSession(RemoteWebDriver.java:225)
	at org.openqa.selenium.ie.InternetExplorerDriver.run(InternetExplorerDriver.java:182)
	at org.openqa.selenium.ie.InternetExplorerDriver.<init>(InternetExplorerDriver.java:174)
	at org.openqa.selenium.ie.InternetExplorerDriver.<init>(InternetExplorerDriver.java:146)
	at ru.st.selenium.webdriver.WebDriverFactory.getInstance(WebDriverFactory.java:170)
	at ru.st.selenium.webdriver.WebDriverFactory.getInstance(WebDriverFactory.java:78)
	at ru.st.selenium.pages.TestBase.init(TestBase.java:53)
	at sun.reflect.NativeMethodAccessorImpl.invoke0(Native Method)
	at sun.reflect.NativeMethodAccessorImpl.invoke(NativeMethodAccessorImpl.java:62)
	at sun.reflect.DelegatingMethodAccessorImpl.invoke(DelegatingMethodAccessorImpl.java:43)
	at java.lang.reflect.Method.invoke(Method.java:497)
	at org.testng.internal.MethodInvocationHelper.invokeMethod(MethodInvocationHelper.java:84)
	at org.testng.internal.Invoker.invokeConfigurationMethod(Invoker.java:564)
	at org.testng.internal.Invoker.invokeConfigurations(Invoker.java:213)
	at org.testng.internal.Invoker.invokeConfigurations(Invoker.java:138)
	at org.testng.internal.TestMethodWorker.invokeBeforeClassMethods(TestMethodWorker.java:175)
	at org.testng.internal.TestMethodWorker.run(TestMethodWorker.java:107)
	at org.testng.TestRunner.privateRun(TestRunner.java:767)
	at org.testng.TestRunner.run(TestRunner.java:617)
	at org.testng.SuiteRunner.runTest(SuiteRunner.java:348)
	at org.testng.SuiteRunner.runSequentially(SuiteRunner.java:343)
	at org.testng.SuiteRunner.privateRun(SuiteRunner.java:305)
	at org.testng.SuiteRunner.run(SuiteRunner.java:254)
	at org.testng.SuiteRunnerWorker.runSuite(SuiteRunnerWorker.java:52)
	at org.testng.SuiteRunnerWorker.run(SuiteRunnerWorker.java:86)
	at org.testng.TestNG.runSuitesSequentially(TestNG.java:1224)
	at org.testng.TestNG.runSuitesLocally(TestNG.java:1149)
	at org.testng.TestNG.run(TestNG.java:1057)
	at org.apache.maven.surefire.testng.TestNGExecutor.run(TestNGExecutor.java:217)
	at org.apache.maven.surefire.testng.TestNGXmlTestSuite.execute(TestNGXmlTestSuite.java:84)
	at org.apache.maven.surefire.testng.TestNGProvider.invoke(TestNGProvider.java:92)
	at org.apache.maven.surefire.booter.ForkedBooter.invokeProviderInSameClassLoader(ForkedBooter.java:200)
	at org.apache.maven.surefire.booter.ForkedBooter.runSuitesInProcess(ForkedBooter.java:153)
	at org.apache.maven.surefire.booter.ForkedBooter.main(ForkedBooter.java:103)
]]>
            </full-stacktrace>
          </exception> <!-- org.openqa.selenium.remote.SessionNotFoundException -->
          <reporter-output>
          </reporter-output>
        </test-method> <!-- init -->
        <test-method status="SKIP" signature="testUntitled()[pri:0, instance:ru.st.selenium.TestLogInPhp4dvd@1a6e353]" name="testUntitled" duration-ms="3" started-at="2015-04-21T11:38:10Z" finished-at="2015-04-21T11:38:10Z">
          <reporter-output>
          </reporter-output>
        </test-method> <!-- testUntitled -->
        <test-method status="PASS" signature="tearDown()[pri:0, instance:ru.st.selenium.TestLogInPhp4dvd@1a6e353]" name="tearDown" is-config="true" duration-ms="1" started-at="2015-04-21T11:38:10Z" finished-at="2015-04-21T11:38:10Z">
          <reporter-output>
          </reporter-output>
        </test-method> <!-- tearDown -->
      </class> <!-- ru.st.selenium.TestLogInPhp4dvd -->
    </test> <!-- Test1 -->
  </suite> <!-- Tests -->
</testng-results>
