<?xml version="1.0" encoding="UTF-8"?>
<testng-results skipped="0" failed="0" total="1" passed="1">
  <reporter-output>
  </reporter-output>
  <suite name="Tests" duration-ms="14427" started-at="2015-04-20T11:59:15Z" finished-at="2015-04-20T11:59:30Z">
    <groups>
    </groups>
    <test name="Test1" duration-ms="14427" started-at="2015-04-20T11:59:15Z" finished-at="2015-04-20T11:59:30Z">
      <class name="ru.st.selenium.TestLogInPhp4dvd">
        <test-method status="PASS" signature="init()[pri:0, instance:ru.st.selenium.TestLogInPhp4dvd@1a6e353]" name="init" is-config="true" duration-ms="6173" started-at="2015-04-20T14:59:15Z" finished-at="2015-04-20T14:59:22Z">
          <reporter-output>
          </reporter-output>
        </test-method> <!-- init -->
        <test-method status="PASS" signature="testUntitled()[pri:0, instance:ru.st.selenium.TestLogInPhp4dvd@1a6e353]" name="testUntitled" duration-ms="8227" started-at="2015-04-20T14:59:22Z" finished-at="2015-04-20T14:59:30Z">
          <reporter-output>
          </reporter-output>
        </test-method> <!-- testUntitled -->
        <test-method status="PASS" signature="tearDown()[pri:0, instance:ru.st.selenium.TestLogInPhp4dvd@1a6e353]" name="tearDown" is-config="true" duration-ms="2064" started-at="2015-04-20T14:59:30Z" finished-at="2015-04-20T14:59:32Z">
          <reporter-output>
          </reporter-output>
        </test-method> <!-- tearDown -->
      </class> <!-- ru.st.selenium.TestLogInPhp4dvd -->
    </test> <!-- Test1 -->
  </suite> <!-- Tests -->
</testng-results>
